<?xml version="1.0" encoding="UTF-8"?>
<!-- Generated by org.testng.reporters.JUnitReportReporter -->
<testsuite hostname="MBK-TECH-763-MAC.local" failures="0" tests="1" name="mbkmerchant.MbkOnlineTest.PowerWalletAddmoneyAndDebitTest" time="14.430" errors="0" timestamp="2022-12-20T00:50:07 IST" skipped="0">
  <testcase classname="mbkmerchant.MbkOnlineTest.PowerWalletAddmoneyAndDebitTest" name="powerWallerAddMoneyDebitSuffTxn" time="14.430"/>
  <system-out/>
</testsuite> <!-- mbkmerchant.MbkOnlineTest.PowerWalletAddmoneyAndDebitTest -->
