<?xml version="1.0" encoding="UTF-8"?>
<!-- Generated by org.testng.reporters.JUnitReportReporter -->
<testsuite hostname="MBK-TECH-763-MAC.local" failures="0" tests="1" name="mbkmerchant.MbkOnlineTest.RedmSuffWalletTest" time="12.577" errors="0" timestamp="2022-12-20T00:50:07 IST" skipped="0">
  <testcase classname="mbkmerchant.MbkOnlineTest.RedmSuffWalletTest" name="redmWalleTxn" time="12.577"/>
  <system-out/>
</testsuite> <!-- mbkmerchant.MbkOnlineTest.RedmSuffWalletTest -->
