<?xml version="1.0" encoding="UTF-8"?>
<!-- Generated by org.testng.reporters.JUnitReportReporter -->
<testsuite hostname="MBK-TECH-763-MAC.local" failures="0" tests="1" name="mbkmerchant.MbkOnlineTest.StandAloneTest" time="18.776" errors="0" timestamp="2022-12-18T12:34:48 IST" skipped="0">
  <testcase classname="mbkmerchant.MbkOnlineTest.StandAloneTest" name="RedmWallet" time="18.776"/>
  <system-out/>
</testsuite> <!-- mbkmerchant.MbkOnlineTest.StandAloneTest -->
